<?xml version="1.0" encoding="UTF-8"?>
<!-- Generated by org.testng.reporters.JUnitReportReporter -->
<testsuite skipped="0" hostname="DESKTOP-PQ4MGV0" name="steps.BddGetWeatherDetails" tests="1" failures="0" timestamp="09 Sep 2019 09:55:13 GMT" time="8.669" errors="0">
  <testcase name="test" time="8.669" classname="steps.BddGetWeatherDetails"/>
</testsuite> <!-- steps.BddGetWeatherDetails -->
